<?xml version="1.0" encoding="UTF-8"?>
<!-- Generated by org.testng.reporters.JUnitXMLReporter -->
<testsuite ignored="0" hostname="DESKTOP-175D9K0" failures="1" tests="1" name="Test" time="37.883" errors="0" timestamp="2024-01-31T15:09:28 IST">
  <testcase classname="testCases.TC_001_New_Accout_Registration" name="AccountRegistartion" time="19.323">
    <failure type="java.lang.AssertionError">
      <![CDATA[java.lang.AssertionError
at org.junit.Assert.fail(Assert.java:86)
at org.junit.Assert.assertTrue(Assert.java:41)
at org.junit.Assert.assertTrue(Assert.java:52)
at testCases.TC_001_New_Accout_Registration.AccountRegistartion(TC_001_New_Accout_Registration.java:34)
at java.base/java.util.ArrayList.forEach(ArrayList.java:1511)
... Removed 27 stack frames]]>
    </failure>
  </testcase> <!-- AccountRegistartion -->
</testsuite> <!-- Test -->
